#
# A fatal error has been detected by the Java Runtime Environment:
#
#  EXCEPTION_ACCESS_VIOLATION (0xc0000005) at pc=0x000000006e99f88a, pid=3944, tid=0x0000000000002cb0
#
# JRE version: Java(TM) SE Runtime Environment (8.0_111-b14) (build 1.8.0_111-b14)
# Java VM: Java HotSpot(TM) 64-Bit Server VM (25.111-b14 mixed mode windows-amd64 compressed oops)
# Problematic frame:
# C  [jfxwebkit.dll+0x81f88a]
#
# Failed to write core dump. Minidumps are not enabled by default on client versions of Windows
#
# If you would like to submit a bug report, please visit:
#   http://bugreport.java.com/bugreport/crash.jsp
# The crash happened outside the Java Virtual Machine in native code.
# See problematic frame for where to report the bug.
#

---------------  T H R E A D  ---------------

Current thread (0x000000001a7e7800):  JavaThread "JavaFX Application Thread" [_thread_in_native, id=11440, stack(0x000000001b2d0000,0x000000001b3d0000)]

siginfo: ExceptionCode=0xc0000005, reading address 0x0000000000000298

Registers:
RAX=0x0000000000000000, RBX=0x000000006e426950, RCX=0x000000002aab8bf0, RDX=0x00000000243bfb70
RSP=0x000000001b3cb3b0, RBP=0x000000001b3cb520, RSI=0x00000000238ca430, RDI=0xbadbeef0baddbeef
R8 =0x000000006f1b6210, R9 =0x0000000000000000, R10=0x0000000000000000, R11=0xffff000000000002
R12=0x00000000243bfb70, R13=0x00000000243bfbb0, R14=0x000000001b3cbcc8, R15=0xbadbeef0baddbeef
RIP=0x000000006e99f88a, EFLAGS=0x0000000000010202

Top of Stack: (sp=0x000000001b3cb3b0)
0x000000001b3cb3b0:   00000000238ca430 000000001b3cb458
0x000000001b3cb3c0:   00000000238d70f8 0000000000000000
0x000000001b3cb3d0:   000000006e426950 000000006e4269c9
0x000000001b3cb3e0:   0000000000000000 000000001b3cb600
0x000000001b3cb3f0:   000000002ad2fca0 000000006ee1beea
0x000000001b3cb400:   41d61ad832d31297 0000000000000000
0x000000001b3cb410:   000000006e426950 000000006eee04b5
0x000000001b3cb420:   fffffffffffffffe 00000000238ca430
0x000000001b3cb430:   000000001b3cb6e0 000000001b3cb5e8
0x000000001b3cb440:   000000006e426950 00000000238ca430
0x000000001b3cb450:   badbeef0baddbeef 0000000000000001
0x000000001b3cb460:   0000000000000000 0000000000000118
0x000000001b3cb470:   00000000243bfbf0 000000006e5273e3
0x000000001b3cb480:   badbeef000000077 000000002f05a5e0
0x000000001b3cb490:   000000001b3cbe20 0000000000000000
0x000000001b3cb4a0:   0000000000000000 000000001b3cb780 

Instructions: (pc=0x000000006e99f88a)
0x000000006e99f86a:   50 28 48 8b 43 68 eb 04 48 8b 41 68 48 83 c4 30
0x000000006e99f87a:   5b c3 cc cc cc cc 40 53 48 83 ec 20 48 8b 41 08
0x000000006e99f88a:   48 8b 88 98 02 00 00 e8 ca 38 d6 ff 48 8b d8 e8
0x000000006e99f89a:   92 91 3c 00 48 8d 8b d8 06 00 00 0f 28 c8 e8 e3 


Register to memory mapping:

RAX=0x0000000000000000 is an unknown value
RBX=0x000000006e426950 is an unknown value
RCX=0x000000002aab8bf0 is an unknown value
RDX=0x00000000243bfb70 is an unknown value
RSP=0x000000001b3cb3b0 is pointing into the stack for thread: 0x000000001a7e7800
RBP=0x000000001b3cb520 is pointing into the stack for thread: 0x000000001a7e7800
RSI=0x00000000238ca430 is an unknown value
RDI=0xbadbeef0baddbeef is an unknown value
R8 =0x000000006f1b6210 is an unknown value
R9 =0x0000000000000000 is an unknown value
R10=0x0000000000000000 is an unknown value
R11=0xffff000000000002 is an unknown value
R12=0x00000000243bfb70 is an unknown value
R13=0x00000000243bfbb0 is an unknown value
R14=0x000000001b3cbcc8 is pointing into the stack for thread: 0x000000001a7e7800
R15=0xbadbeef0baddbeef is an unknown value


Stack: [0x000000001b2d0000,0x000000001b3d0000],  sp=0x000000001b3cb3b0,  free space=1004k
Native frames: (J=compiled Java code, j=interpreted, Vv=VM code, C=native code)
C  [jfxwebkit.dll+0x81f88a]
C  [jfxwebkit.dll+0x2a69c9]
C  [jfxwebkit.dll+0xd604b5]
C  [jfxwebkit.dll+0xd314e3]
C  [jfxwebkit.dll+0xc3498e]
C  [jfxwebkit.dll+0xbc8225]
C  [jfxwebkit.dll+0xc790b0]
C  [jfxwebkit.dll+0xd67a3d]
C  [jfxwebkit.dll+0xd314b3]
C  [jfxwebkit.dll+0xc371de]
C  [jfxwebkit.dll+0xc34946]
C  [jfxwebkit.dll+0xbc8225]
C  [jfxwebkit.dll+0xc790b0]
C  [jfxwebkit.dll+0xd67a3d]
C  [jfxwebkit.dll+0xd314b3]
C  [jfxwebkit.dll+0xc371de]
C  [jfxwebkit.dll+0xc34946]
C  [jfxwebkit.dll+0xbc8225]
C  [jfxwebkit.dll+0x429490]
C  [jfxwebkit.dll+0x43d209]
C  [jfxwebkit.dll+0x5ad1e1]
C  [jfxwebkit.dll+0x5ad38c]
C  [jfxwebkit.dll+0x5ace29]
C  [jfxwebkit.dll+0x7f0dc2]
C  [jfxwebkit.dll+0x7f2c76]
C  [jfxwebkit.dll+0x7f0ff2]
C  [jfxwebkit.dll+0x8bdf53]
C  0x0000000002917f74

Java frames: (J=compiled Java code, j=interpreted, Vv=VM code)
j  com.sun.webkit.Timer.twkFireTimerEvent()V+0
j  com.sun.webkit.Timer.fireTimerEvent(J)V+45
j  com.sun.webkit.Timer.notifyTick()V+25
j  javafx.scene.web.WebEngine$PulseTimer.lambda$static$47()V+3
j  javafx.scene.web.WebEngine$PulseTimer$$Lambda$343.pulse()V+0
J 2878 C1 com.sun.javafx.tk.Toolkit$$Lambda$299.run()Ljava/lang/Object; (8 bytes) @ 0x0000000003197a4c [0x0000000003197900+0x14c]
v  ~StubRoutines::call_stub
J 2448  java.security.AccessController.doPrivileged(Ljava/security/PrivilegedAction;Ljava/security/AccessControlContext;)Ljava/lang/Object; (0 bytes) @ 0x0000000003065e66 [0x0000000003065e00+0x66]
J 4833 C1 com.sun.javafx.tk.Toolkit.firePulse()V (279 bytes) @ 0x000000000362d6ec [0x000000000362b720+0x1fcc]
J 4866 C1 com.sun.javafx.tk.quantum.QuantumToolkit.pulse(Z)V (164 bytes) @ 0x0000000003009dc4 [0x0000000003009780+0x644]
J 4241 C1 com.sun.javafx.tk.quantum.QuantumToolkit$$Lambda$42.run()V (8 bytes) @ 0x0000000003452554 [0x0000000003452340+0x214]
J 3920 C1 com.sun.glass.ui.InvokeLaterDispatcher$Future.run()V (91 bytes) @ 0x000000000312770c [0x0000000003127600+0x10c]
v  ~StubRoutines::call_stub
j  com.sun.glass.ui.win.WinApplication._runLoop(Ljava/lang/Runnable;)V+0
j  com.sun.glass.ui.win.WinApplication.lambda$null$148(ILjava/lang/Runnable;)V+8
j  com.sun.glass.ui.win.WinApplication$$Lambda$38.run()V+12
j  java.lang.Thread.run()V+11
v  ~StubRoutines::call_stub

---------------  P R O C E S S  ---------------

Java Threads: ( => current thread )
  0x000000002033c800 JavaThread "Thread-250" daemon [_thread_in_native, id=9528, stack(0x00000000301a0000,0x00000000302a0000)]
  0x000000002033d800 JavaThread "Thread-144" daemon [_thread_blocked, id=8656, stack(0x00000000332a0000,0x00000000333a0000)]
  0x000000002033b000 JavaThread "Thread-126" daemon [_thread_blocked, id=10008, stack(0x00000000331a0000,0x00000000332a0000)]
  0x000000002033c000 JavaThread "Media Resource Disposer" daemon [_thread_blocked, id=9928, stack(0x0000000032640000,0x0000000032740000)]
  0x000000002033f800 JavaThread "JFXMedia Player EventQueueThread" daemon [_thread_blocked, id=3776, stack(0x00000000300a0000,0x00000000301a0000)]
  0x000000002033a800 JavaThread "Keep-Alive-SocketCleaner" daemon [_thread_blocked, id=2308, stack(0x000000002e320000,0x000000002e420000)]
  0x000000002033f000 JavaThread "Thread-6" daemon [_thread_in_native, id=7876, stack(0x000000002b340000,0x000000002b440000)]
  0x000000002033e000 JavaThread "URL-Loader-20" daemon [_thread_blocked, id=1168, stack(0x0000000029260000,0x0000000029360000)]
  0x00000000207a7000 JavaThread "URL-Loader-19" daemon [_thread_in_native, id=10504, stack(0x0000000029160000,0x0000000029260000)]
  0x00000000207a5800 JavaThread "URL-Loader-18" daemon [_thread_in_native, id=5436, stack(0x0000000029060000,0x0000000029160000)]
  0x00000000207a4000 JavaThread "URL-Loader-17" daemon [_thread_in_native, id=7884, stack(0x0000000028f60000,0x0000000029060000)]
  0x00000000207aa000 JavaThread "URL-Loader-16" daemon [_thread_blocked, id=9120, stack(0x0000000028e60000,0x0000000028f60000)]
  0x00000000207a5000 JavaThread "URL-Loader-15" daemon [_thread_blocked, id=4804, stack(0x0000000028d60000,0x0000000028e60000)]
  0x00000000207a3800 JavaThread "URL-Loader-14" daemon [_thread_in_native, id=8512, stack(0x0000000028c60000,0x0000000028d60000)]
  0x00000000207a9800 JavaThread "URL-Loader-13" daemon [_thread_blocked, id=2124, stack(0x0000000028b60000,0x0000000028c60000)]
  0x00000000207a8800 JavaThread "URL-Loader-12" daemon [_thread_blocked, id=8028, stack(0x0000000028a60000,0x0000000028b60000)]
  0x00000000207a6800 JavaThread "URL-Loader-11" daemon [_thread_in_native, id=12592, stack(0x0000000028960000,0x0000000028a60000)]
  0x00000000207a8000 JavaThread "URL-Loader-10" daemon [_thread_blocked, id=12116, stack(0x0000000028060000,0x0000000028160000)]
  0x0000000020d5b800 JavaThread "URL-Loader-9" daemon [_thread_blocked, id=8280, stack(0x0000000027f60000,0x0000000028060000)]
  0x0000000020d5d800 JavaThread "URL-Loader-8" daemon [_thread_blocked, id=12760, stack(0x0000000027e60000,0x0000000027f60000)]
  0x0000000020d5a800 JavaThread "URL-Loader-7" daemon [_thread_blocked, id=7568, stack(0x0000000027d60000,0x0000000027e60000)]
  0x0000000020d5d000 JavaThread "Keep-Alive-Timer" daemon [_thread_blocked, id=4928, stack(0x0000000027c60000,0x0000000027d60000)]
  0x0000000020d5e800 JavaThread "URL-Loader-6" daemon [_thread_blocked, id=2984, stack(0x0000000027260000,0x0000000027360000)]
  0x0000000020d58800 JavaThread "URL-Loader-5" daemon [_thread_blocked, id=8636, stack(0x0000000027160000,0x0000000027260000)]
  0x0000000020d5a000 JavaThread "URL-Loader-4" daemon [_thread_blocked, id=4076, stack(0x0000000027060000,0x0000000027160000)]
  0x0000000020d5c000 JavaThread "URL-Loader-3" daemon [_thread_blocked, id=3380, stack(0x0000000026f60000,0x0000000027060000)]
  0x0000000020d5f000 JavaThread "URL-Loader-2" daemon [_thread_blocked, id=5588, stack(0x0000000026e60000,0x0000000026f60000)]
  0x0000000020d59000 JavaThread "Watchdog-Timer-1" daemon [_thread_blocked, id=7576, stack(0x0000000026d60000,0x0000000026e60000)]
  0x00000000203ef800 JavaThread "URL-Loader-1" daemon [_thread_blocked, id=11628, stack(0x00000000246c0000,0x00000000247c0000)]
  0x0000000020316000 JavaThread "Disposer" daemon [_thread_blocked, id=3460, stack(0x00000000243c0000,0x00000000244c0000)]
  0x000000001acda800 JavaThread "Prism Font Disposer" daemon [_thread_blocked, id=8364, stack(0x0000000021a80000,0x0000000021b80000)]
  0x000000001a833000 JavaThread "Thread-3" daemon [_thread_in_native, id=7636, stack(0x000000001f970000,0x000000001fa70000)]
  0x000000001a7fa000 JavaThread "JavaFX-Launcher" [_thread_blocked, id=12692, stack(0x000000001fa70000,0x000000001fb70000)]
=>0x000000001a7e7800 JavaThread "JavaFX Application Thread" [_thread_in_native, id=11440, stack(0x000000001b2d0000,0x000000001b3d0000)]
  0x000000001a7de800 JavaThread "Thread-1" daemon [_thread_blocked, id=10540, stack(0x000000001b1d0000,0x000000001b2d0000)]
  0x000000001a764800 JavaThread "QuantumRenderer-0" daemon [_thread_blocked, id=12132, stack(0x000000001af00000,0x000000001b000000)]
  0x000000001984a000 JavaThread "Service Thread" daemon [_thread_blocked, id=8140, stack(0x000000001a3a0000,0x000000001a4a0000)]
  0x00000000197c4800 JavaThread "C1 CompilerThread3" daemon [_thread_blocked, id=7148, stack(0x000000001a2a0000,0x000000001a3a0000)]
  0x00000000197c1800 JavaThread "C2 CompilerThread2" daemon [_thread_blocked, id=6124, stack(0x000000001a1a0000,0x000000001a2a0000)]
  0x00000000197bc000 JavaThread "C2 CompilerThread1" daemon [_thread_blocked, id=8840, stack(0x000000001a0a0000,0x000000001a1a0000)]
  0x00000000197b8800 JavaThread "C2 CompilerThread0" daemon [_thread_blocked, id=5912, stack(0x0000000019fa0000,0x000000001a0a0000)]
  0x00000000197b7000 JavaThread "Attach Listener" daemon [_thread_blocked, id=396, stack(0x0000000019ea0000,0x0000000019fa0000)]
  0x00000000197b4000 JavaThread "Signal Dispatcher" daemon [_thread_blocked, id=10848, stack(0x0000000019da0000,0x0000000019ea0000)]
  0x00000000028fe800 JavaThread "Finalizer" daemon [_thread_blocked, id=6444, stack(0x0000000019b90000,0x0000000019c90000)]
  0x00000000028f5000 JavaThread "Reference Handler" daemon [_thread_blocked, id=12940, stack(0x0000000019690000,0x0000000019790000)]
  0x00000000026fd800 JavaThread "main" [_thread_blocked, id=3076, stack(0x0000000002700000,0x0000000002800000)]

Other Threads:
  0x00000000178b9800 VMThread [stack: 0x0000000019590000,0x0000000019690000] [id=1944]
  0x000000001988c800 WatcherThread [stack: 0x000000001a600000,0x000000001a700000] [id=7480]

VM state:not at safepoint (normal execution)

VM Mutex/Monitor currently owned by a thread: None

Heap:
 PSYoungGen      total 167936K, used 147371K [0x00000000d5c00000, 0x00000000e0d80000, 0x0000000100000000)
  eden space 159232K, 89% used [0x00000000d5c00000,0x00000000de66c950,0x00000000df780000)
  from space 8704K, 64% used [0x00000000e0500000,0x00000000e0a7e568,0x00000000e0d80000)
  to   space 11264K, 0% used [0x00000000df780000,0x00000000df780000,0x00000000e0280000)
 ParOldGen       total 74752K, used 12912K [0x0000000081400000, 0x0000000085d00000, 0x00000000d5c00000)
  object space 74752K, 17% used [0x0000000081400000,0x000000008209c280,0x0000000085d00000)
 Metaspace       used 27270K, capacity 28802K, committed 28928K, reserved 1075200K
  class space    used 3732K, capacity 4056K, committed 4096K, reserved 1048576K

Card table byte_map: [0x0000000011cc0000,0x00000000120c0000] byte_map_base: 0x00000000118b6000

Marking Bits: (ParMarkBitMap*) 0x000000007148a6c0
 Begin Bits: [0x0000000012b70000, 0x0000000014b20000)
 End Bits:   [0x0000000014b20000, 0x0000000016ad0000)

Polling page: 0x00000000008a0000

CodeCache: size=245760Kb used=14001Kb max_used=14006Kb free=231758Kb
 bounds [0x0000000002900000, 0x00000000036d0000, 0x0000000011900000]
 total_blobs=5252 nmethods=4445 adapters=718
 compilation: enabled

Compilation events (10 events):
Event: 10.543 Thread 0x00000000197c4800 nmethod 5069 0x00000000032cd8d0 code [0x00000000032cda20, 0x00000000032cdb30]
Event: 10.543 Thread 0x00000000197c4800 5071       1       javax.net.ssl.SSLParameters::getEndpointIdentificationAlgorithm (5 bytes)
Event: 10.543 Thread 0x00000000197c4800 nmethod 5071 0x00000000032cd610 code [0x00000000032cd760, 0x00000000032cd870]
Event: 10.609 Thread 0x00000000197c4800 5072       3       java.math.BigInteger::<init> (82 bytes)
Event: 10.609 Thread 0x00000000197c4800 nmethod 5072 0x000000000332c610 code [0x000000000332c800, 0x000000000332cf78]
Event: 10.609 Thread 0x00000000197c4800 5073       1       sun.security.ec.ECPublicKeyImpl::getParams (5 bytes)
Event: 10.609 Thread 0x00000000197c4800 nmethod 5073 0x0000000002b71710 code [0x0000000002b71860, 0x0000000002b71970]
Event: 10.611 Thread 0x00000000197b8800 5074       4       java.security.MessageDigest$Delegate::engineUpdate (11 bytes)
Event: 10.611 Thread 0x00000000197b8800 nmethod 5074 0x0000000002a9b710 code [0x0000000002a9b840, 0x0000000002a9b8b8]
Event: 10.623 Thread 0x00000000197c4800 5075   !   3       com.sun.webkit.network.URLLoader::receiveResponse (751 bytes)

GC Heap History (10 events):
Event: 3.683 GC heap before
{Heap before GC invocations=5 (full 1):
 PSYoungGen      total 38400K, used 37563K [0x00000000d5c00000, 0x00000000d9180000, 0x0000000100000000)
  eden space 33280K, 99% used [0x00000000d5c00000,0x00000000d7c6f610,0x00000000d7c80000)
  from space 5120K, 84% used [0x00000000d7c80000,0x00000000d80bf928,0x00000000d8180000)
  to   space 5120K, 0% used [0x00000000d8c80000,0x00000000d8c80000,0x00000000d9180000)
 ParOldGen       total 74752K, used 10121K [0x0000000081400000, 0x0000000085d00000, 0x00000000d5c00000)
  object space 74752K, 13% used [0x0000000081400000,0x0000000081de2470,0x0000000085d00000)
 Metaspace       used 24575K, capacity 25988K, committed 26112K, reserved 1071104K
  class space    used 3534K, capacity 3821K, committed 3840K, reserved 1048576K
Event: 3.686 GC heap after
Heap after GC invocations=5 (full 1):
 PSYoungGen      total 49664K, used 3109K [0x00000000d5c00000, 0x00000000da180000, 0x0000000100000000)
  eden space 44544K, 0% used [0x00000000d5c00000,0x00000000d5c00000,0x00000000d8780000)
  from space 5120K, 60% used [0x00000000d8c80000,0x00000000d8f89668,0x00000000d9180000)
  to   space 5120K, 0% used [0x00000000d8780000,0x00000000d8780000,0x00000000d8c80000)
 ParOldGen       total 74752K, used 10129K [0x0000000081400000, 0x0000000085d00000, 0x00000000d5c00000)
  object space 74752K, 13% used [0x0000000081400000,0x0000000081de4470,0x0000000085d00000)
 Metaspace       used 24575K, capacity 25988K, committed 26112K, reserved 1071104K
  class space    used 3534K, capacity 3821K, committed 3840K, reserved 1048576K
}
Event: 3.698 GC heap before
{Heap before GC invocations=6 (full 1):
 PSYoungGen      total 49664K, used 47549K [0x00000000d5c00000, 0x00000000da180000, 0x0000000100000000)
  eden space 44544K, 99% used [0x00000000d5c00000,0x00000000d8766010,0x00000000d8780000)
  from space 5120K, 60% used [0x00000000d8c80000,0x00000000d8f89668,0x00000000d9180000)
  to   space 5120K, 0% used [0x00000000d8780000,0x00000000d8780000,0x00000000d8c80000)
 ParOldGen       total 74752K, used 10129K [0x0000000081400000, 0x0000000085d00000, 0x00000000d5c00000)
  object space 74752K, 13% used [0x0000000081400000,0x0000000081de4470,0x0000000085d00000)
 Metaspace       used 24579K, capacity 25988K, committed 26112K, reserved 1071104K
  class space    used 3534K, capacity 3821K, committed 3840K, reserved 1048576K
Event: 3.701 GC heap after
Heap after GC invocations=6 (full 1):
 PSYoungGen      total 49664K, used 3175K [0x00000000d5c00000, 0x00000000dc700000, 0x0000000100000000)
  eden space 44544K, 0% used [0x00000000d5c00000,0x00000000d5c00000,0x00000000d8780000)
  from space 5120K, 62% used [0x00000000d8780000,0x00000000d8a99d90,0x00000000d8c80000)
  to   space 12800K, 0% used [0x00000000dba80000,0x00000000dba80000,0x00000000dc700000)
 ParOldGen       total 74752K, used 10137K [0x0000000081400000, 0x0000000085d00000, 0x00000000d5c00000)
  object space 74752K, 13% used [0x0000000081400000,0x0000000081de6470,0x0000000085d00000)
 Metaspace       used 24579K, capacity 25988K, committed 26112K, reserved 1071104K
  class space    used 3534K, capacity 3821K, committed 3840K, reserved 1048576K
}
Event: 3.712 GC heap before
{Heap before GC invocations=7 (full 1):
 PSYoungGen      total 49664K, used 47612K [0x00000000d5c00000, 0x00000000dc700000, 0x0000000100000000)
  eden space 44544K, 99% used [0x00000000d5c00000,0x00000000d8765560,0x00000000d8780000)
  from space 5120K, 62% used [0x00000000d8780000,0x00000000d8a99d90,0x00000000d8c80000)
  to   space 12800K, 0% used [0x00000000dba80000,0x00000000dba80000,0x00000000dc700000)
 ParOldGen       total 74752K, used 10137K [0x0000000081400000, 0x0000000085d00000, 0x00000000d5c00000)
  object space 74752K, 13% used [0x0000000081400000,0x0000000081de6470,0x0000000085d00000)
 Metaspace       used 24581K, capacity 25988K, committed 26112K, reserved 1071104K
  class space    used 3534K, capacity 3821K, committed 3840K, reserved 1048576K
Event: 3.715 GC heap after
Heap after GC invocations=7 (full 1):
 PSYoungGen      total 97280K, used 3122K [0x00000000d5c00000, 0x00000000dc780000, 0x0000000100000000)
  eden space 84480K, 0% used [0x00000000d5c00000,0x00000000d5c00000,0x00000000dae80000)
  from space 12800K, 24% used [0x00000000dba80000,0x00000000dbd8c880,0x00000000dc700000)
  to   space 12288K, 0% used [0x00000000dae80000,0x00000000dae80000,0x00000000dba80000)
 ParOldGen       total 74752K, used 10145K [0x0000000081400000, 0x0000000085d00000, 0x00000000d5c00000)
  object space 74752K, 13% used [0x0000000081400000,0x0000000081de8470,0x0000000085d00000)
 Metaspace       used 24581K, capacity 25988K, committed 26112K, reserved 1071104K
  class space    used 3534K, capacity 3821K, committed 3840K, reserved 1048576K
}
Event: 3.740 GC heap before
{Heap before GC invocations=8 (full 1):
 PSYoungGen      total 97280K, used 87545K [0x00000000d5c00000, 0x00000000dc780000, 0x0000000100000000)
  eden space 84480K, 99% used [0x00000000d5c00000,0x00000000dae71cd8,0x00000000dae80000)
  from space 12800K, 24% used [0x00000000dba80000,0x00000000dbd8c880,0x00000000dc700000)
  to   space 12288K, 0% used [0x00000000dae80000,0x00000000dae80000,0x00000000dba80000)
 ParOldGen       total 74752K, used 10145K [0x0000000081400000, 0x0000000085d00000, 0x00000000d5c00000)
  object space 74752K, 13% used [0x0000000081400000,0x0000000081de8470,0x0000000085d00000)
 Metaspace       used 24581K, capacity 25988K, committed 26112K, reserved 1071104K
  class space    used 3534K, capacity 3821K, committed 3840K, reserved 1048576K
Event: 3.743 GC heap after
Heap after GC invocations=8 (full 1):
 PSYoungGen      total 96768K, used 3219K [0x00000000d5c00000, 0x00000000e1080000, 0x0000000100000000)
  eden space 84480K, 0% used [0x00000000d5c00000,0x00000000d5c00000,0x00000000dae80000)
  from space 12288K, 26% used [0x00000000dae80000,0x00000000db1a4c40,0x00000000dba80000)
  to   space 11776K, 0% used [0x00000000e0500000,0x00000000e0500000,0x00000000e1080000)
 ParOldGen       total 74752K, used 10145K [0x0000000081400000, 0x0000000085d00000, 0x00000000d5c00000)
  object space 74752K, 13% used [0x0000000081400000,0x0000000081de8470,0x0000000085d00000)
 Metaspace       used 24581K, capacity 25988K, committed 26112K, reserved 1071104K
  class space    used 3534K, capacity 3821K, committed 3840K, reserved 1048576K
}
Event: 5.325 GC heap before
{Heap before GC invocations=9 (full 1):
 PSYoungGen      total 96768K, used 87699K [0x00000000d5c00000, 0x00000000e1080000, 0x0000000100000000)
  eden space 84480K, 100% used [0x00000000d5c00000,0x00000000dae80000,0x00000000dae80000)
  from space 12288K, 26% used [0x00000000dae80000,0x00000000db1a4c40,0x00000000dba80000)
  to   space 11776K, 0% used [0x00000000e0500000,0x00000000e0500000,0x00000000e1080000)
 ParOldGen       total 74752K, used 10145K [0x0000000081400000, 0x0000000085d00000, 0x00000000d5c00000)
  object space 74752K, 13% used [0x0000000081400000,0x0000000081de8470,0x0000000085d00000)
 Metaspace       used 25795K, capacity 27244K, committed 27520K, reserved 1073152K
  class space    used 3640K, capacity 3919K, committed 3968K, reserved 1048576K
Event: 5.330 GC heap after
Heap after GC invocations=9 (full 1):
 PSYoungGen      total 167936K, used 5625K [0x00000000d5c00000, 0x00000000e0d80000, 0x0000000100000000)
  eden space 159232K, 0% used [0x00000000d5c00000,0x00000000d5c00000,0x00000000df780000)
  from space 8704K, 64% used [0x00000000e0500000,0x00000000e0a7e568,0x00000000e0d80000)
  to   space 11264K, 0% used [0x00000000df780000,0x00000000df780000,0x00000000e0280000)
 ParOldGen       total 74752K, used 12912K [0x0000000081400000, 0x0000000085d00000, 0x00000000d5c00000)
  object space 74752K, 17% used [0x0000000081400000,0x000000008209c280,0x0000000085d00000)
 Metaspace       used 25795K, capacity 27244K, committed 27520K, reserved 1073152K
  class space    used 3640K, capacity 3919K, committed 3968K, reserved 1048576K
}

Deoptimization events (10 events):
Event: 8.561 Thread 0x0000000020d5e800 Uncommon trap: reason=predicate action=maybe_recompile pc=0x00000000036246b4 method=java.util.regex.Pattern$Slice.match(Ljava/util/regex/Matcher;ILjava/lang/CharSequence;)Z @ 21
Event: 9.553 Thread 0x000000001a7e7800 Uncommon trap: reason=unstable_if action=reinterpret pc=0x000000000335d108 method=com.sun.javafx.iio.png.PNGImageLoader2.decodePalette([BLcom/sun/javafx/iio/ImageMetadata;)Lcom/sun/javafx/iio/ImageFrame; @ 56
Event: 9.555 Thread 0x000000001a7e7800 Uncommon trap: reason=unstable_if action=reinterpret pc=0x000000000335e70c method=com.sun.javafx.image.impl.ByteBgra$ToByteBgraPreConv.doConvert([BII[BIIII)V @ 31
Event: 9.556 Thread 0x000000001a7e7800 Uncommon trap: reason=unstable_if action=reinterpret pc=0x000000000336c604 method=com.sun.javafx.image.impl.BaseByteToByteConverter$FourByteReorderer.doConvert([BII[BIIII)V @ 31
Event: 9.731 Thread 0x000000002033c800 Uncommon trap: reason=unstable_if action=reinterpret pc=0x00000000034d1050 method=com.sun.crypto.provider.GaloisCounterMode.increment32([B)V @ 39
Event: 9.731 Thread 0x000000002033c800 Uncommon trap: reason=unstable_if action=reinterpret pc=0x000000000325e3d0 method=com.sun.crypto.provider.GaloisCounterMode.increment32([B)V @ 39
Event: 9.731 Thread 0x000000002033c800 Uncommon trap: reason=unstable_if action=reinterpret pc=0x000000000325974c method=com.sun.crypto.provider.GaloisCounterMode.increment32([B)V @ 39
Event: 9.772 Thread 0x0000000020340800 Uncommon trap: reason=unstable_if action=reinterpret pc=0x0000000002a1f4f0 method=com.sun.crypto.provider.GaloisCounterMode.increment32([B)V @ 39
Event: 9.772 Thread 0x0000000020340800 Uncommon trap: reason=unstable_if action=reinterpret pc=0x0000000003263848 method=com.sun.crypto.provider.GaloisCounterMode.increment32([B)V @ 39
Event: 10.181 Thread 0x000000001a764800 Uncommon trap: reason=unstable_if action=reinterpret pc=0x00000000035fbac4 method=com.sun.prism.impl.ps.BaseShaderContext.getSpecialShader(Lcom/sun/prism/impl/BaseGraphics;Lcom/sun/prism/impl/ps/BaseShaderContext$SpecialShaderType;)Lcom/sun/prism/ps/Shade

Internal exceptions (10 events):
Event: 7.475 Thread 0x000000001a7e7800 Exception <a 'java/lang/ClassNotFoundException': sun/net/www/protocol/about/Handler> (0x00000000d77d5328) thrown at [C:\re\workspace\8-2-build-windows-amd64-cygwin\jdk8u111\7883\hotspot\src\share\vm\classfile\systemDictionary.cpp, line 210]
Event: 7.879 Thread 0x00000000207aa000 Exception <a 'java/lang/ClassNotFoundException': sun/net/www/protocol/data/Handler> (0x00000000d6ad2220) thrown at [C:\re\workspace\8-2-build-windows-amd64-cygwin\jdk8u111\7883\hotspot\src\share\vm\classfile\systemDictionary.cpp, line 210]
Event: 7.879 Thread 0x00000000207aa000 Exception <a 'java/lang/ClassNotFoundException': sun/net/www/protocol/data/Handler> (0x00000000d6ad5c00) thrown at [C:\re\workspace\8-2-build-windows-amd64-cygwin\jdk8u111\7883\hotspot\src\share\vm\classfile\systemDictionary.cpp, line 210]
Event: 10.181 Thread 0x000000001a764800 Implicit null exception at 0x00000000035fba0d to 0x00000000035fbaad
Event: 10.271 Thread 0x000000001a7e7800 Exception <a 'java/io/IOException': Improper call to JPEG library in state 200> (0x00000000db595cc0) thrown at [C:\re\workspace\8-2-build-windows-amd64-cygwin\jdk8u111\7883\hotspot\src\share\vm\prims\jni.cpp, line 735]
Event: 10.272 Thread 0x000000001a7e7800 Exception <a 'java/io/IOException': Improper call to JPEG library in state 200> (0x00000000db599450) thrown at [C:\re\workspace\8-2-build-windows-amd64-cygwin\jdk8u111\7883\hotspot\src\share\vm\prims\jni.cpp, line 735]
Event: 10.272 Thread 0x000000001a7e7800 Exception <a 'java/io/IOException': Improper call to JPEG library in state 200> (0x00000000db5a0bf0) thrown at [C:\re\workspace\8-2-build-windows-amd64-cygwin\jdk8u111\7883\hotspot\src\share\vm\prims\jni.cpp, line 735]
Event: 10.272 Thread 0x000000001a7e7800 Exception <a 'java/io/IOException': Improper call to JPEG library in state 200> (0x00000000db5a4380) thrown at [C:\re\workspace\8-2-build-windows-amd64-cygwin\jdk8u111\7883\hotspot\src\share\vm\prims\jni.cpp, line 735]
Event: 10.272 Thread 0x000000001a7e7800 Exception <a 'java/io/IOException': Improper call to JPEG library in state 200> (0x00000000db5b0330) thrown at [C:\re\workspace\8-2-build-windows-amd64-cygwin\jdk8u111\7883\hotspot\src\share\vm\prims\jni.cpp, line 735]
Event: 10.273 Thread 0x000000001a7e7800 Exception <a 'java/io/IOException': Improper call to JPEG library in state 200> (0x00000000db5b4288) thrown at [C:\re\workspace\8-2-build-windows-amd64-cygwin\jdk8u111\7883\hotspot\src\share\vm\prims\jni.cpp, line 735]

Events (10 events):
Event: 10.608 Thread 0x0000000020340800 Thread exited: 0x0000000020340800
Event: 10.608 Thread 0x0000000020340800 Thread added: 0x0000000020340800
Event: 10.609 Thread 0x0000000020340800 Thread exited: 0x0000000020340800
Event: 10.609 Thread 0x000000002033c800 Thread added: 0x000000002033c800
Event: 10.609 Thread 0x000000002033c800 Thread exited: 0x000000002033c800
Event: 10.609 Thread 0x0000000020343800 Thread added: 0x0000000020343800
Event: 10.619 Thread 0x000000002033c800 Thread added: 0x000000002033c800
Event: 10.619 Thread 0x000000002033c800 Thread exited: 0x000000002033c800
Event: 10.623 Thread 0x0000000020340800 Thread added: 0x0000000020340800
Event: 10.623 Thread 0x0000000020340800 Thread exited: 0x0000000020340800


Dynamic libraries:
0x00007ff7f6870000 - 0x00007ff7f68a7000 	C:\Program Files\Java\jdk1.8.0_111\jre\bin\java.exe
0x00007ffe4c590000 - 0x00007ffe4c761000 	C:\WINDOWS\SYSTEM32\ntdll.dll
0x00007ffe4acc0000 - 0x00007ffe4ad6b000 	C:\WINDOWS\System32\KERNEL32.DLL
0x00007ffe49360000 - 0x00007ffe4957d000 	C:\WINDOWS\System32\KERNELBASE.dll
0x00007ffe4a8e0000 - 0x00007ffe4a982000 	C:\WINDOWS\System32\ADVAPI32.dll
0x00007ffe49ed0000 - 0x00007ffe49f6e000 	C:\WINDOWS\System32\msvcrt.dll
0x00007ffe4c530000 - 0x00007ffe4c589000 	C:\WINDOWS\System32\sechost.dll
0x00007ffe4a600000 - 0x00007ffe4a721000 	C:\WINDOWS\System32\RPCRT4.dll
0x00007ffe4c3c0000 - 0x00007ffe4c525000 	C:\WINDOWS\System32\USER32.dll
0x00007ffe49950000 - 0x00007ffe4996e000 	C:\WINDOWS\System32\win32u.dll
0x00007ffe4c380000 - 0x00007ffe4c3b4000 	C:\WINDOWS\System32\GDI32.dll
0x00007ffe49160000 - 0x00007ffe492e2000 	C:\WINDOWS\System32\gdi32full.dll
0x00007ffe42510000 - 0x00007ffe42789000 	C:\WINDOWS\WinSxS\amd64_microsoft.windows.common-controls_6595b64144ccf1df_6.0.14393.447_none_42191651c6827bb3\COMCTL32.dll
0x00007ffe4a990000 - 0x00007ffe4ac58000 	C:\WINDOWS\System32\combase.dll
0x00007ffe49800000 - 0x00007ffe498f5000 	C:\WINDOWS\System32\ucrtbase.dll
0x00007ffe492f0000 - 0x00007ffe4935a000 	C:\WINDOWS\System32\bcryptPrimitives.dll
0x00007ffe4c350000 - 0x00007ffe4c37e000 	C:\WINDOWS\System32\IMM32.DLL
0x0000000070b90000 - 0x0000000070c62000 	C:\Program Files\Java\jdk1.8.0_111\jre\bin\msvcr100.dll
0x0000000070c70000 - 0x000000007150a000 	C:\Program Files\Java\jdk1.8.0_111\jre\bin\server\jvm.dll
0x00007ffe4a730000 - 0x00007ffe4a738000 	C:\WINDOWS\System32\PSAPI.DLL
0x00007ffe38010000 - 0x00007ffe38019000 	C:\WINDOWS\SYSTEM32\WSOCK32.dll
0x00007ffe45650000 - 0x00007ffe45673000 	C:\WINDOWS\SYSTEM32\WINMM.dll
0x00007ffe43640000 - 0x00007ffe4364a000 	C:\WINDOWS\SYSTEM32\VERSION.dll
0x00007ffe4a860000 - 0x00007ffe4a8ca000 	C:\WINDOWS\System32\WS2_32.dll
0x00007ffe45440000 - 0x00007ffe4546b000 	C:\WINDOWS\SYSTEM32\WINMMBASE.dll
0x00007ffe49900000 - 0x00007ffe49942000 	C:\WINDOWS\System32\cfgmgr32.dll
0x0000000070b40000 - 0x0000000070b4f000 	C:\Program Files\Java\jdk1.8.0_111\jre\bin\verify.dll
0x0000000070b10000 - 0x0000000070b39000 	C:\Program Files\Java\jdk1.8.0_111\jre\bin\java.dll
0x0000000070af0000 - 0x0000000070b06000 	C:\Program Files\Java\jdk1.8.0_111\jre\bin\zip.dll
0x00007ffe4add0000 - 0x00007ffe4c2d9000 	C:\WINDOWS\System32\SHELL32.dll
0x00007ffe48a80000 - 0x00007ffe4915a000 	C:\WINDOWS\System32\windows.storage.dll
0x00007ffe48a10000 - 0x00007ffe48a5c000 	C:\WINDOWS\System32\powrprof.dll
0x00007ffe4ad70000 - 0x00007ffe4adc2000 	C:\WINDOWS\System32\shlwapi.dll
0x00007ffe48a60000 - 0x00007ffe48a6f000 	C:\WINDOWS\System32\kernel.appcore.dll
0x00007ffe49580000 - 0x00007ffe49629000 	C:\WINDOWS\System32\shcore.dll
0x00007ffe489f0000 - 0x00007ffe48a04000 	C:\WINDOWS\System32\profapi.dll
0x00007ffe0f800000 - 0x00007ffe0f8ef000 	C:\Program Files\Java\jdk1.8.0_111\jre\bin\msvcr120.dll
0x00007ffe11d90000 - 0x00007ffe11e36000 	C:\Program Files\Java\jdk1.8.0_111\jre\bin\msvcp120.dll
0x00000000707b0000 - 0x00000000707d2000 	C:\Program Files\Java\jdk1.8.0_111\jre\bin\prism_d3d.dll
0x00007ffe151e0000 - 0x00007ffe1536d000 	C:\WINDOWS\system32\d3d9.dll
0x00007ffe43730000 - 0x00007ffe43756000 	C:\WINDOWS\SYSTEM32\dwmapi.dll
0x00007ffe47050000 - 0x00007ffe470e5000 	C:\WINDOWS\system32\uxtheme.dll
0x00007ffdfb4d0000 - 0x00007ffdfd7b3000 	C:\WINDOWS\SYSTEM32\igdumdim64.dll
0x00007ffe4a030000 - 0x00007ffe4a459000 	C:\WINDOWS\System32\SETUPAPI.dll
0x00007ffe49f70000 - 0x00007ffe4a02f000 	C:\WINDOWS\System32\OLEAUT32.dll
0x00007ffe499d0000 - 0x00007ffe49a6c000 	C:\WINDOWS\System32\msvcp_win.dll
0x00007ffe4a4c0000 - 0x00007ffe4a5f7000 	C:\WINDOWS\System32\ole32.dll
0x0000000070760000 - 0x00000000707a3000 	C:\Program Files\Java\jdk1.8.0_111\jre\bin\glass.dll
0x00007ffe4a760000 - 0x00007ffe4a85a000 	C:\WINDOWS\System32\COMDLG32.dll
0x00007ffe49b20000 - 0x00007ffe49c7b000 	C:\WINDOWS\System32\MSCTF.dll
0x00007ffe3d5a0000 - 0x00007ffe3dfa2000 	C:\WINDOWS\SYSTEM32\igdusc64.dll
0x0000000070740000 - 0x0000000070754000 	C:\Program Files\Java\jdk1.8.0_111\jre\bin\javafx_font.dll
0x00007ffe2e950000 - 0x00007ffe2ebb9000 	C:\WINDOWS\SYSTEM32\dwrite.dll
0x00007ffe49e30000 - 0x00007ffe49ecf000 	C:\WINDOWS\System32\clbcatq.dll
0x00007ffe416b0000 - 0x00007ffe41858000 	C:\WINDOWS\SYSTEM32\WindowsCodecs.dll
0x00007ffe23600000 - 0x00007ffe23649000 	C:\WINDOWS\system32\dataexchange.dll
0x00007ffe463e0000 - 0x00007ffe46696000 	C:\WINDOWS\system32\d3d11.dll
0x00007ffe45490000 - 0x00007ffe455e1000 	C:\WINDOWS\system32\dcomp.dll
0x00007ffe47770000 - 0x00007ffe4780f000 	C:\WINDOWS\system32\dxgi.dll
0x00007ffe47200000 - 0x00007ffe4731c000 	C:\WINDOWS\system32\twinapi.appcore.dll
0x00007ffe485d0000 - 0x00007ffe485fb000 	C:\WINDOWS\system32\bcrypt.dll
0x00007ffe1bcc0000 - 0x00007ffe1bcf2000 	C:\Program Files\Common Files\Microsoft Shared\Ink\rtscom.dll
0x0000000070720000 - 0x0000000070731000 	C:\Program Files\Java\jdk1.8.0_111\jre\bin\prism_common.dll
0x000000006e180000 - 0x0000000070711000 	C:\Program Files\Java\jdk1.8.0_111\jre\bin\jfxwebkit.dll
0x00007ffe484c0000 - 0x00007ffe484d7000 	C:\WINDOWS\SYSTEM32\CRYPTSP.dll
0x00007ffe483d0000 - 0x00007ffe48403000 	C:\WINDOWS\system32\rsaenh.dll
0x00007ffe484e0000 - 0x00007ffe484eb000 	C:\WINDOWS\SYSTEM32\CRYPTBASE.dll
0x0000000070ad0000 - 0x0000000070aea000 	C:\Program Files\Java\jdk1.8.0_111\jre\bin\net.dll
0x00007ffe48250000 - 0x00007ffe482ac000 	C:\WINDOWS\system32\mswsock.dll
0x0000000070ab0000 - 0x0000000070ac1000 	C:\Program Files\Java\jdk1.8.0_111\jre\bin\nio.dll
0x0000000070800000 - 0x0000000070824000 	C:\Program Files\Java\jdk1.8.0_111\jre\bin\sunec.dll
0x00007ffe480d0000 - 0x00007ffe480ef000 	C:\WINDOWS\SYSTEM32\USERENV.dll
0x00007ffe47fe0000 - 0x00007ffe48018000 	C:\WINDOWS\SYSTEM32\IPHLPAPI.DLL
0x00007ffe49e20000 - 0x00007ffe49e28000 	C:\WINDOWS\System32\NSI.dll
0x00007ffe438a0000 - 0x00007ffe438b6000 	C:\WINDOWS\SYSTEM32\dhcpcsvc6.DLL
0x00007ffe44af0000 - 0x00007ffe44b0a000 	C:\WINDOWS\SYSTEM32\dhcpcsvc.DLL
0x00000000707f0000 - 0x00000000707fb000 	C:\Program Files\Java\jdk1.8.0_111\jre\bin\sunmscapi.dll
0x00007ffe49630000 - 0x00007ffe497f9000 	C:\WINDOWS\System32\CRYPT32.dll
0x00007ffe48a70000 - 0x00007ffe48a80000 	C:\WINDOWS\System32\MSASN1.dll
0x00007ffe48020000 - 0x00007ffe480c0000 	C:\WINDOWS\SYSTEM32\DNSAPI.dll
0x0000000072400000 - 0x0000000072426000 	C:\Program Files\Bonjour\mdnsNSP.dll
0x00007ffe3a0d0000 - 0x00007ffe3a0da000 	C:\Windows\System32\rasadhlp.dll
0x00007ffe3cdf0000 - 0x00007ffe3ce5a000 	C:\WINDOWS\System32\fwpuclnt.dll
0x000000006e150000 - 0x000000006e173000 	C:\Program Files\Java\jdk1.8.0_111\jre\bin\javafx_iio.dll
0x000000006e0d0000 - 0x000000006e143000 	C:\Program Files\Java\jdk1.8.0_111\jre\bin\glib-lite.dll
0x000000006e030000 - 0x000000006e0cc000 	C:\Program Files\Java\jdk1.8.0_111\jre\bin\gstreamer-lite.dll
0x00007ffe193f0000 - 0x00007ffe1948b000 	C:\WINDOWS\SYSTEM32\DSOUND.dll
0x000000006e000000 - 0x000000006e025000 	C:\Program Files\Java\jdk1.8.0_111\jre\bin\jfxmedia.dll
0x00007ffe486f0000 - 0x00007ffe4871c000 	C:\WINDOWS\SYSTEM32\SspiCli.dll
0x000000006dfc0000 - 0x000000006dff1000 	C:\Program Files\Java\jdk1.8.0_111\jre\bin\fxplugins.dll
0x00007ffe1fdc0000 - 0x00007ffe20021000 	C:\Windows\System32\msmpeg2vdec.dll
0x00007ffe1b170000 - 0x00007ffe1b29d000 	C:\Windows\System32\mfperfhelper.dll
0x00007ffe43a60000 - 0x00007ffe43bc8000 	C:\Windows\System32\MFPlat.DLL
0x00007ffe42f40000 - 0x00007ffe42f6e000 	C:\Windows\System32\RTWorkQ.DLL
0x00007ffe44be0000 - 0x00007ffe44bec000 	C:\Windows\System32\CompPkgSup.DLL
0x00007ffe368a0000 - 0x00007ffe36c97000 	C:\Windows\System32\Windows.StateRepository.dll
0x00007ffe38360000 - 0x00007ffe38401000 	C:\Windows\System32\StateRepository.Core.dll
0x00007ffe072d0000 - 0x00007ffe073c8000 	C:\Windows\System32\msmpeg2adec.dll
0x00007ffe406d0000 - 0x00007ffe40741000 	C:\WINDOWS\System32\MMDevApi.dll
0x00007ffe474d0000 - 0x00007ffe474f8000 	C:\WINDOWS\System32\DEVOBJ.dll
0x00007ffe44f50000 - 0x00007ffe450d5000 	C:\WINDOWS\System32\PROPSYS.dll
0x00007ffe19f60000 - 0x00007ffe19ff4000 	C:\WINDOWS\SYSTEM32\AUDIOSES.DLL
0x00007ffe462a0000 - 0x00007ffe463d6000 	C:\WINDOWS\SYSTEM32\wintypes.dll
0x00007ffe42f70000 - 0x00007ffe42f7b000 	C:\WINDOWS\SYSTEM32\avrt.dll
0x00007ffe03fe0000 - 0x00007ffe041a3000 	C:\Windows\System32\quartz.dll
0x00007ffe38100000 - 0x00007ffe38292000 	C:\WINDOWS\SYSTEM32\dbghelp.dll

VM Arguments:
jvm_args: -Dfile.encoding=UTF-8 
java_command: C:\Users\nahel\Desktop\Cours\javaProj\musicplayer\dist\run673727498\lecteurAudio.jar
java_class_path (initial): C:\Users\nahel\Desktop\Cours\javaProj\musicplayer\dist\run673727498\lecteurAudio.jar
Launcher Type: SUN_STANDARD

Environment Variables:
PATH=C:\ProgramData\Oracle\Java\javapath;C:\Program Files (x86)\Lenovo\FusionEngine;C:\Windows\system32;C:\Windows;C:\Windows\System32\Wbem;C:\Windows\System32\WindowsPowerShell\v1.0\;C:\Program Files (x86)\NVIDIA Corporation\PhysX\Common;C:\Program Files\Intel\WiFi\bin\;C:\Program Files\Common Files\Intel\WirelessCommon\;C:\Program Files (x86)\Windows Kits\8.1\Windows Performance Toolkit\;C:\WINDOWS\system32;C:\WINDOWS;C:\WINDOWS\System32\Wbem;C:\WINDOWS\System32\WindowsPowerShell\v1.0\;C:\Program Files (x86)\Actiona;C:\Program Files\Git\cmd;C:\Program Files\TortoiseSVN\bin;C:\wamp64\bin\php\php7.0.10;C:\Program Files\TortoiseGit\bin;C:\Program Files (x86)\Lenovo\FusionEngine;C:\Windows\system32;C:\Windows;C:\Windows\System32\Wbem;C:\Windows\System32\WindowsPowerShell\v1.0\;C:\Program Files (x86)\NVIDIA Corporation\PhysX\Common;C:\Program Files\Intel\WiFi\bin\;C:\Program Files\Common Files\Intel\WirelessCommon\;C:\Program Files (x86)\Windows Kits\8.1\Windows Performance Toolkit\;C:\WINDOWS\system32;C:\WINDOWS;C:\WINDOWS\System32\Wbem;C:\WINDOWS\System32\WindowsPowerShell\v1.0\;C:\Program Files (x86)\Actiona;C:\Program Files\Git\cmd;;C:\Python27;C:\Users\nahel\AppData\Local\Microsoft\WindowsApps
USERNAME=nahel
OS=Windows_NT
PROCESSOR_IDENTIFIER=Intel64 Family 6 Model 60 Stepping 3, GenuineIntel



---------------  S Y S T E M  ---------------

OS: Windows 10.0 , 64 bit Build 14393 (10.0.14393.0)

CPU:total 8 (4 cores per cpu, 2 threads per core) family 6 model 60 stepping 3, cmov, cx8, fxsr, mmx, sse, sse2, sse3, ssse3, sse4.1, sse4.2, popcnt, avx, avx2, aes, clmul, erms, lzcnt, ht, tsc, tscinvbit, bmi1, bmi2

Memory: 4k page, physical 8298776k(3255584k free), swap 8823064k(2111820k free)

vm_info: Java HotSpot(TM) 64-Bit Server VM (25.111-b14) for windows-amd64 JRE (1.8.0_111-b14), built on Sep 22 2016 19:24:05 by "java_re" with MS VC++ 10.0 (VS2010)

time: Tue Jan 03 09:28:59 2017
elapsed time: 10 seconds (0d 0h 0m 10s)

